{
  "stats": {
    "suites": 1,
    "tests": 1,
    "passes": 0,
    "pending": 0,
    "failures": 1,
    "start": "2023-01-25T20:41:50.834Z",
    "end": "2023-01-25T20:41:57.380Z",
    "duration": 6546,
    "testsRegistered": 1,
    "passPercent": 0,
    "pendingPercent": 0,
    "other": 0,
    "hasOther": false,
    "skipped": 0,
    "hasSkipped": false
  },
  "results": [
    {
      "uuid": "58993540-591e-4009-b05d-eb4037f22fe6",
      "title": "",
      "fullFile": "cypress\\e2e\\BDD\\features\\login.feature",
      "file": "cypress\\e2e\\BDD\\features\\login.feature",
      "beforeHooks": [],
      "afterHooks": [],
      "tests": [],
      "suites": [
        {
          "uuid": "51b31872-7900-4385-9844-7c9bb01f5b03",
          "title": "To Test Login functionality",
          "fullFile": "",
          "file": "",
          "beforeHooks": [],
          "afterHooks": [],
          "tests": [
            {
              "title": "Verify Login functionality with incorrect credentials",
              "fullTitle": "To Test Login functionality Verify Login functionality with incorrect credentials",
              "timedOut": null,
              "duration": 6355,
              "state": "failed",
              "speed": null,
              "pass": false,
              "fail": true,
              "pending": false,
              "context": "{\n  \"title\": \"cypress-mochawesome-reporter-screenshots\",\n  \"value\": [\n    [\n      {\n        \"title\": \"Failed screenshot\",\n        \"value\": \"\\\\login.feature\\\\To Test Login functionality -- Verify Login functionality with incorrect credentials (failed).png\"\n      }\n    ]\n  ]\n}",
              "code": "var _a, _b, _c, _d, _e;\nconst { remainingSteps, testCaseStartedId } = retrieveInternalSpecProperties();\n(0, registry_1.assignRegistry)(registry);\nmessages.stack.push({\n    testCaseStarted: {\n        id: testCaseStartedId,\n        testCaseId,\n        attempt: attempt++,\n        timestamp: (0, messages_helpers_1.createTimestamp)(),\n    },\n});\nwindow.testState = {\n    gherkinDocument,\n    pickles,\n    pickle,\n};\nfor (const step of steps) {\n    if (step.hook) {\n        const hook = step.hook;\n        cy.then(() => {\n            delete window.testState.pickleStep;\n            const start = (0, messages_helpers_1.createTimestamp)();\n            messages.stack.push({\n                testStepStarted: {\n                    testStepId: hook.id,\n                    testCaseStartedId,\n                    timestamp: start,\n                },\n            });\n            if (messages.enabled) {\n                cy.task(constants_1.TASK_TEST_STEP_STARTED, hook.id, { log: false });\n            }\n            return cy.wrap(start, { log: false });\n        })\n            .then((start) => {\n            (0, cypress_1.runStepWithLogGroup)({\n                fn: () => registry.runHook(this, hook),\n                keyword: hook.keyword,\n            });\n            return cy.wrap(start, { log: false });\n        })\n            .then((start) => {\n            const end = (0, messages_helpers_1.createTimestamp)();\n            messages.stack.push({\n                testStepFinished: {\n                    testStepId: hook.id,\n                    testCaseStartedId,\n                    testStepResult: {\n                        status: Status.Passed,\n                        duration: (0, messages_helpers_1.duration)(start, end),\n                    },\n                    timestamp: end,\n                },\n            });\n            remainingSteps.shift();\n        });\n    }\n    else if (step.pickleStep) {\n        const pickleStep = step.pickleStep;\n        const text = (0, assertions_1.assertAndReturn)(pickleStep.text, \"Expected pickle step to have a text\");\n        const scenarioStep = (0, assertions_1.assertAndReturn)(astIdMap.get((0, assertions_1.assertAndReturn)((_a = pickleStep.astNodeIds) === null || _a === void 0 ? void 0 : _a[0], \"Expected to find at least one astNodeId\")), `Expected to find scenario step associated with id = ${(_b = pickleStep.astNodeIds) === null || _b === void 0 ? void 0 : _b[0]}`);\n        const argument = ((_c = pickleStep.argument) === null || _c === void 0 ? void 0 : _c.dataTable)\n            ? new data_table_1.default(pickleStep.argument.dataTable)\n            : ((_e = (_d = pickleStep.argument) === null || _d === void 0 ? void 0 : _d.docString) === null || _e === void 0 ? void 0 : _e.content)\n                ? pickleStep.argument.docString.content\n                : undefined;\n        cy.then(() => {\n            window.testState.pickleStep = step.pickleStep;\n            internalProperties.currentStep = { pickleStep };\n            const start = (0, messages_helpers_1.createTimestamp)();\n            messages.stack.push({\n                testStepStarted: {\n                    testStepId: pickleStep.id,\n                    testCaseStartedId,\n                    timestamp: start,\n                },\n            });\n            if (messages.enabled) {\n                cy.task(constants_1.TASK_TEST_STEP_STARTED, pickleStep.id, { log: false });\n            }\n            return cy.wrap(start, { log: false });\n        })\n            .then((start) => {\n            try {\n                return (0, cypress_1.runStepWithLogGroup)({\n                    keyword: (0, assertions_1.assertAndReturn)(\"keyword\" in scenarioStep && scenarioStep.keyword, \"Expected to find a keyword in the scenario step\"),\n                    text,\n                    fn: () => registry.runStepDefininition(this, text, argument),\n                }).then((result) => {\n                    return {\n                        start,\n                        result,\n                    };\n                });\n            }\n            catch (e) {\n                if (e instanceof registry_1.MissingDefinitionError) {\n                    throw new Error(createMissingStepDefinitionMessage(context, pickleStep, context.registry.parameterTypeRegistry));\n                }\n                else {\n                    throw e;\n                }\n            }\n        })\n            .then(({ start, result }) => {\n            var _a, _b, _c;\n            const end = (0, messages_helpers_1.createTimestamp)();\n            if (result === \"pending\") {\n                messages.stack.push({\n                    testStepFinished: {\n                        testStepId: pickleStep.id,\n                        testCaseStartedId,\n                        testStepResult: {\n                            status: Status.Pending,\n                            duration: (0, messages_helpers_1.duration)(start, end),\n                        },\n                        timestamp: end,\n                    },\n                });\n                remainingSteps.shift();\n                for (const skippedStep of remainingSteps) {\n                    const testStepId = (0, assertions_1.assertAndReturn)((_b = (_a = skippedStep.hook) === null || _a === void 0 ? void 0 : _a.id) !== null && _b !== void 0 ? _b : (_c = skippedStep.pickleStep) === null || _c === void 0 ? void 0 : _c.id, \"Expected a step to either be a hook or a pickleStep\");\n                    messages.stack.push({\n                        testStepStarted: {\n                            testStepId,\n                            testCaseStartedId,\n                            timestamp: (0, messages_helpers_1.createTimestamp)(),\n                        },\n                    });\n                    messages.stack.push({\n                        testStepFinished: {\n                            testStepId,\n                            testCaseStartedId,\n                            testStepResult: {\n                                status: Status.Skipped,\n                                duration: {\n                                    seconds: 0,\n                                    nanos: 0,\n                                },\n                            },\n                            timestamp: (0, messages_helpers_1.createTimestamp)(),\n                        },\n                    });\n                }\n                for (let i = 0, count = remainingSteps.length; i < count; i++) {\n                    remainingSteps.pop();\n                }\n                this.skip();\n            }\n            else {\n                messages.stack.push({\n                    testStepFinished: {\n                        testStepId: pickleStep.id,\n                        testCaseStartedId,\n                        testStepResult: {\n                            status: Status.Passed,\n                            duration: (0, messages_helpers_1.duration)(start, end),\n                        },\n                        timestamp: end,\n                    },\n                });\n                remainingSteps.shift();\n            }\n        });\n    }\n}",
              "err": {
                "message": "AssertionError: expected { Object (specWindow, chainerId) } to equal 'An internal error has occurred and has been logged.'",
                "estack": "AssertionError: expected { Object (specWindow, chainerId) } to equal 'An internal error has occurred and has been logged.'\n    at Context.eval (cypress/e2e/BDD/stepdefinitions/login_Steps.js:22:46)\n    at Registry.runStepDefininition (node_modules/@badeball/cypress-cucumber-preprocessor/lib/registry.js:119:0)\n    at Object.fn (node_modules/@badeball/cypress-cucumber-preprocessor/lib/create-tests.js:299:0)\n    at runStepWithLogGroup (node_modules/@badeball/cypress-cucumber-preprocessor/lib/cypress.js:11:0)\n    at Context.eval (node_modules/@badeball/cypress-cucumber-preprocessor/lib/create-tests.js:296:0)",
                "diff": "- { specWindow: \n-    { window: [Getter],\n-      self: [Getter/Setter],\n-      document: [Getter],\n-      name: [Getter/Setter],\n-      location: [Getter/Setter],\n-      customElements: [Getter],\n-      history: [Getter],\n-      locationbar: [Getter/Setter],\n-      menubar: [Getter/Setter],\n-      personalbar: [Getter/Setter],\n-      scrollbars: [Getter/Setter],\n-      statusbar: [Getter/Setter],\n-      toolbar: [Getter/Setter],\n-      status: [Getter/Setter],\n-      closed: [Getter],\n-      frames: [Getter/Setter],\n-      length: [Getter/Setter],\n-      top: [Getter],\n-      opener: [Getter/Setter],\n-      parent: [Getter/Setter],\n-      frameElement: [Getter],\n-      navigator: [Getter],\n-      origin: [Getter/Setter],\n-      external: [Getter/Setter],\n-      screen: [Getter/Setter],\n-      innerWidth: [Getter/Setter],\n-      innerHeight: [Getter/Setter],\n-      scrollX: [Getter/Setter],\n-      pageXOffset: [Getter/Setter],\n-      scrollY: [Getter/Setter],\n-      pageYOffset: [Getter/Setter],\n-      visualViewport: [Getter/Setter],\n-      screenX: [Getter/Setter],\n-      screenY: [Getter/Setter],\n-      outerWidth: [Getter/Setter],\n-      outerHeight: [Getter/Setter],\n-      devicePixelRatio: [Getter/Setter],\n-      clientInformation: [Getter/Setter],\n-      screenLeft: [Getter/Setter],\n-      screenTop: [Getter/Setter],\n-      styleMedia: [Getter],\n-      onsearch: [Getter/Setter],\n-      isSecureContext: [Getter],\n-      trustedTypes: [Getter],\n-      performance: [Getter/Setter],\n-      onappinstalled: [Getter/Setter],\n-      onbeforeinstallprompt: [Getter/Setter],\n-      crypto: [Getter],\n-      indexedDB: [Getter],\n-      sessionStorage: [Getter],\n-      localStorage: [Getter],\n-      onbeforexrselect: [Getter/Setter],\n-      onabort: [Getter/Setter],\n-      onbeforeinput: [Getter/Setter],\n-      onblur: [Getter/Setter],\n-      oncancel: [Getter/Setter],\n-      oncanplay: [Getter/Setter],\n-      oncanplaythrough: [Getter/Setter],\n-      onchange: [Getter/Setter],\n-      onclick: [Getter/Setter],\n-      onclose: [Getter/Setter],\n-      oncontextlost: [Getter/Setter],\n-      oncontextmenu: [Getter/Setter],\n-      oncontextrestored: [Getter/Setter],\n-      oncuechange: [Getter/Setter],\n-      ondblclick: [Getter/Setter],\n-      ondrag: [Getter/Setter],\n-      ondragend: [Getter/Setter],\n-      ondragenter: [Getter/Setter],\n-      ondragleave: [Getter/Setter],\n-      ondragover: [Getter/Setter],\n-      ondragstart: [Getter/Setter],\n-      ondrop: [Getter/Setter],\n-      ondurationchange: [Getter/Setter],\n-      onemptied: [Getter/Setter],\n-      onended: [Getter/Setter],\n-      onerror: [Getter/Setter],\n-      onfocus: [Getter/Setter],\n-      onformdata: [Getter/Setter],\n-      oninput: [Getter/Setter],\n-      oninvalid: [Getter/Setter],\n-      onkeydown: [Getter/Setter],\n-      onkeypress: [Getter/Setter],\n-      onkeyup: [Getter/Setter],\n-      onload: [Getter/Setter],\n-      onloadeddata: [Getter/Setter],\n-      onloadedmetadata: [Getter/Setter],\n-      onloadstart: [Getter/Setter],\n-      onmousedown: [Getter/Setter],\n-      onmouseenter: [Getter/Setter],\n-      onmouseleave: [Getter/Setter],\n-      onmousemove: [Getter/Setter],\n-      onmouseout: [Getter/Setter],\n-      onmouseover: [Getter/Setter],\n-      onmouseup: [Getter/Setter],\n-      onmousewheel: [Getter/Setter],\n-      onpause: [Getter/Setter],\n-      onplay: [Getter/Setter],\n-      onplaying: [Getter/Setter],\n-      onprogress: [Getter/Setter],\n-      onratechange: [Getter/Setter],\n-      onreset: [Getter/Setter],\n-      onresize: [Getter/Setter],\n-      onscroll: [Getter/Setter],\n-      onsecuritypolicyviolation: [Getter/Setter],\n-      onseeked: [Getter/Setter],\n-      onseeking: [Getter/Setter],\n-      onselect: [Getter/Setter],\n-      onslotchange: [Getter/Setter],\n-      onstalled: [Getter/Setter],\n-      onsubmit: [Getter/Setter],\n-      onsuspend: [Getter/Setter],\n-      ontimeupdate: [Getter/Setter],\n-      ontoggle: [Getter/Setter],\n-      onvolumechange: [Getter/Setter],\n-      onwaiting: [Getter/Setter],\n-      onwebkitanimationend: [Getter/Setter],\n-      onwebkitanimationiteration: [Getter/Setter],\n-      onwebkitanimationstart: [Getter/Setter],\n-      onwebkittransitionend: [Getter/Setter],\n-      onwheel: [Getter/Setter],\n-      onauxclick: [Getter/Setter],\n-      ongotpointercapture: [Getter/Setter],\n-      onlostpointercapture: [Getter/Setter],\n-      onpointerdown: [Getter/Setter],\n-      onpointermove: [Getter/Setter],\n-      onpointerrawupdate: [Getter/Setter],\n-      onpointerup: [Getter/Setter],\n-      onpointercancel: [Getter/Setter],\n-      onpointerover: [Getter/Setter],\n-      onpointerout: [Getter/Setter],\n-      onpointerenter: [Getter/Setter],\n-      onpointerleave: [Getter/Setter],\n-      onselectstart: [Getter/Setter],\n-      onselectionchange: [Getter/Setter],\n-      onanimationend: [Getter/Setter],\n-      onanimationiteration: [Getter/Setter],\n-      onanimationstart: [Getter/Setter],\n-      ontransitionrun: [Getter/Setter],\n-      ontransitionstart: [Getter/Setter],\n-      ontransitionend: [Getter/Setter],\n-      ontransitioncancel: [Getter/Setter],\n-      onafterprint: [Getter/Setter],\n-      onbeforeprint: [Getter/Setter],\n-      onbeforeunload: [Getter/Setter],\n-      onhashchange: [Getter/Setter],\n-      onlanguagechange: [Getter/Setter],\n-      onmessage: [Getter/Setter],\n-      onmessageerror: [Getter/Setter],\n-      onoffline: [Getter/Setter],\n-      ononline: [Getter/Setter],\n-      onpagehide: [Getter/Setter],\n-      onpageshow: [Getter/Setter],\n-      onpopstate: [Getter/Setter],\n-      onrejectionhandled: [Getter/Setter],\n-      onstorage: [Getter/Setter],\n-      onunhandledrejection: [Getter/Setter],\n-      onunload: [Getter/Setter],\n-      crossOriginIsolated: [Getter],\n-      scheduler: [Getter/Setter],\n-      alert: [Function: alert],\n-      atob: [Function: atob],\n-      blur: [Function: blur],\n-      btoa: [Function: btoa],\n-      cancelAnimationFrame: [Function: cancelAnimationFrame],\n-      cancelIdleCallback: [Function: cancelIdleCallback],\n-      captureEvents: [Function: captureEvents],\n-      clearInterval: [Function: clearInterval],\n-      clearTimeout: [Function: clearTimeout],\n-      close: [Function: close],\n-      confirm: [Function: confirm],\n-      createImageBitmap: [Function: createImageBitmap],\n-      fetch: [Function: fetch],\n-      find: [Function: find],\n-      focus: [Function: focus],\n-      getComputedStyle: [Function: getComputedStyle],\n-      getSelection: [Function: getSelection],\n-      matchMedia: [Function: matchMedia],\n-      moveBy: [Function: moveBy],\n-      moveTo: [Function: moveTo],\n-      open: [Function: open],\n-      postMessage: [Function: postMessage],\n-      print: [Function: print],\n-      prompt: [Function: prompt],\n-      queueMicrotask: [Function: queueMicrotask],\n-      releaseEvents: [Function: releaseEvents],\n-      reportError: [Function: reportError],\n-      requestAnimationFrame: [Function: requestAnimationFrame],\n-      requestIdleCallback: [Function: requestIdleCallback],\n-      resizeBy: [Function: resizeBy],\n-      resizeTo: [Function: resizeTo],\n-      scroll: [Function: scroll],\n-      scrollBy: [Function: scrollBy],\n-      scrollTo: [Function: scrollTo],\n-      setInterval: [Function: setInterval],\n-      setTimeout: [Function: setTimeout],\n-      stop: [Function: stop],\n-      structuredClone: [Function: structuredClone],\n-      webkitCancelAnimationFrame: [Function: webkitCancelAnimationFrame],\n-      webkitRequestAnimationFrame: [Function: webkitRequestAnimationFrame],\n-      chrome: { loadTimes: [Function], csi: [Function], app: [Object] },\n-      caches: [Getter],\n-      cookieStore: [Getter],\n-      ondevicemotion: [Getter/Setter],\n-      ondeviceorientation: [Getter/Setter],\n-      ondeviceorientationabsolute: [Getter/Setter],\n-      launchQueue: [Getter],\n-      onbeforematch: [Getter/Setter],\n-      getScreenDetails: [Function: getScreenDetails],\n-      queryLocalFonts: [Function: queryLocalFonts],\n-      showDirectoryPicker: [Function: showDirectoryPicker],\n-      showOpenFilePicker: [Function: showOpenFilePicker],\n-      showSaveFilePicker: [Function: showSaveFilePicker],\n-      originAgentCluster: [Getter],\n-      navigation: [Getter/Setter],\n-      webkitStorageInfo: [Getter],\n-      speechSynthesis: [Getter],\n-      oncontentvisibilityautostatechange: [Getter/Setter],\n-      openDatabase: [Function: openDatabase],\n-      webkitRequestFileSystem: [Function: webkitRequestFileSystem],\n-      webkitResolveLocalFileSystemURL: [Function: webkitResolveLocalFileSystemURL],\n-      Cypress: \n-       { cy: [Object],\n-         chai: null,\n-         mocha: [Object],\n-         runner: [Object],\n-         downloads: [Object],\n-         Commands: [Object],\n-         '$autIframe': [Object],\n-         onSpecReady: [Function: onSpecReady],\n-         events: [Object],\n-         '$': [Object],\n-         arch: 'x64',\n-         spec: [Object],\n-         version: '12.3.0',\n-         browser: [Object],\n-         platform: 'win32',\n-         testingType: 'e2e',\n-         state: [Object],\n-         originalConfig: [Object],\n-         config: [Object],\n-         env: [Object],\n-         getTestRetries: [Function],\n-         Cookies: [Object],\n-         ProxyLogging: [Object],\n-         _onInitialize: undefined,\n-         isCy: [Function: bound isCy],\n-         log: [Function],\n-         isBrowser: [Function: wrapper],\n-         browserMajorVersion: [Function: browserMajorVersion],\n-         emit: [Function],\n-         emitThen: [Function],\n-         emitMap: [Function],\n-         primaryOriginCommunicator: [Object],\n-         specBridgeCommunicator: [Object],\n-         isCrossOriginSpecBridge: false,\n-         on: [Function],\n-         '$Cypress': [Object],\n-         Cy: [Object],\n-         Chainer: [Function: $Chainer],\n-         Command: [Function: $Command],\n-         dom: [Object],\n-         ensure: [Object],\n-         errorMessages: [Object],\n-         Keyboard: [Object],\n-         Location: [Function: $Location],\n-         Log: [Object],\n-         LocalStorage: [Object],\n-         Mocha: [Object],\n-         resolveWindowReference: [Function: resolveWindowReference],\n-         resolveLocationReference: [Function: resolveLocationReference],\n-         Mouse: [Object],\n-         Runner: [Object],\n-         Server: [Object],\n-         Screenshot: [Object],\n-         SelectorPlayground: [Object],\n-         utils: [Object],\n-         _: [Object],\n-         Blob: [Object],\n-         Buffer: [Object],\n-         Promise: [Object],\n-         minimatch: [Object],\n-         sinon: [Object],\n-         lolex: [Object],\n-         _events: [Object],\n-         _newListener: false,\n-         _removeListener: false,\n-         verboseMemoryLeak: false,\n-         _maxListeners: Infinity,\n-         _conf: [Object],\n-         proxyTo: [Function],\n-         emitThenSeries: [Function],\n-         listenTo: [Function],\n-         stopListeningTo: [Function],\n-         delimiter: '.',\n-         setMaxListeners: [Function],\n-         getMaxListeners: [Function],\n-         event: 'log:added',\n-         once: [Function],\n-         prependOnceListener: [Function],\n-         _once: [Function],\n-         many: [Function],\n-         prependMany: [Function],\n-         _many: [Function],\n-         emitAsync: [Function],\n-         prependListener: [Function],\n-         onAny: [Function],\n-         prependAny: [Function],\n-         addListener: [Function],\n-         _onAny: [Function],\n-         _on: [Function],\n-         off: [Function],\n-         offAny: [Function],\n-         removeListener: [Function],\n-         removeAllListeners: [Function],\n-         listeners: [Function],\n-         eventNames: [Function],\n-         listenerCount: [Function],\n-         hasListeners: [Function],\n-         listenersAny: [Function],\n-         waitFor: [Function],\n-         session: [Object] },\n-      chai: \n-       { version: '4.2.0',\n-         AssertionError: [Function: AssertionError],\n-         use: [Function],\n-         util: -1,\n-         config: [Object],\n-         Assertion: [Object],\n-         expect: [Object],\n-         should: [Function: loadShould],\n-         Should: [Function: loadShould],\n-         assert: [Object] },\n-      expect: [Function],\n-      assert: \n-       { [Function: fn]\n-         fail: [Function],\n-         isOk: [Function],\n-         isNotOk: [Function],\n-         equal: [Function],\n-         notEqual: [Function],\n-         strictEqual: [Function],\n-         notStrictEqual: [Function],\n-         deepStrictEqual: [Function],\n-         deepEqual: [Function],\n-         notDeepEqual: [Function],\n-         isAbove: [Function],\n-         isAtLeast: [Function],\n-         isBelow: [Function],\n-         isAtMost: [Function],\n-         isTrue: [Function],\n-         isNotTrue: [Function],\n-         isFalse: [Function],\n-         isNotFalse: [Function],\n-         isNull: [Function],\n-         isNotNull: [Function],\n-         isNaN: [Function],\n-         isNotNaN: [Function],\n-         exists: [Function],\n-         notExists: [Function],\n-         isUndefined: [Function],\n-         isDefined: [Function],\n-         isFunction: [Function],\n-         isNotFunction: [Function],\n-         isObject: [Function],\n-         isNotObject: [Function],\n-         isArray: [Function],\n-         isNotArray: [Function],\n-         isString: [Function],\n-         isNotString: [Function],\n-         isNumber: [Function],\n-         isNotNumber: [Function],\n-         isFinite: [Function],\n-         isBoolean: [Function],\n-         isNotBoolean: [Function],\n-         typeOf: [Function],\n-         notTypeOf: [Function],\n-         instanceOf: [Function],\n-         notInstanceOf: [Function],\n-         include: [Function],\n-         notInclude: [Function],\n-         deepInclude: [Function],\n-         notDeepInclude: [Function],\n-         nestedInclude: [Function],\n-         notNestedInclude: [Function],\n-         deepNestedInclude: [Function],\n-         notDeepNestedInclude: [Function],\n-         ownInclude: [Function],\n-         notOwnInclude: [Function],\n-         deepOwnInclude: [Function],\n-         notDeepOwnInclude: [Function],\n-         match: [Function],\n-         notMatch: [Function],\n-         property: [Function],\n-         notProperty: [Function],\n-         propertyVal: [Function],\n-         notPropertyVal: [Function],\n-         deepPropertyVal: [Function],\n-         notDeepPropertyVal: [Function],\n-         ownProperty: [Function],\n-         notOwnProperty: [Function],\n-         ownPropertyVal: [Function],\n-         notOwnPropertyVal: [Function],\n-         deepOwnPropertyVal: [Function],\n-         notDeepOwnPropertyVal: [Function],\n-         nestedProperty: [Function],\n-         notNestedProperty: [Function],\n-         nestedPropertyVal: [Function],\n-         notNestedPropertyVal: [Function],\n-         deepNestedPropertyVal: [Function],\n-         notDeepNestedPropertyVal: [Function],\n-         lengthOf: [Function],\n-         hasAnyKeys: [Function],\n-         hasAllKeys: [Function],\n-         containsAllKeys: [Function],\n-         doesNotHaveAnyKeys: [Function],\n-         doesNotHaveAllKeys: [Function],\n-         hasAnyDeepKeys: [Function],\n-         hasAllDeepKeys: [Function],\n-         containsAllDeepKeys: [Function],\n-         doesNotHaveAnyDeepKeys: [Function],\n-         doesNotHaveAllDeepKeys: [Function],\n-         throws: [Function],\n-         doesNotThrow: [Function],\n-         operator: [Function],\n-         closeTo: [Function],\n-         approximately: [Function],\n-         sameMembers: [Function],\n-         notSameMembers: [Function],\n-         sameDeepMembers: [Function],\n-         notSameDeepMembers: [Function],\n-         sameOrderedMembers: [Function],\n-         notSameOrderedMembers: [Function],\n-         sameDeepOrderedMembers: [Function],\n-         notSameDeepOrderedMembers: [Function],\n-         includeMembers: [Function],\n-         notIncludeMembers: [Function],\n-         includeDeepMembers: [Function],\n-         notIncludeDeepMembers: [Function],\n-         includeOrderedMembers: [Function],\n-         notIncludeOrderedMembers: [Function],\n-         includeDeepOrderedMembers: [Function],\n-         notIncludeDeepOrderedMembers: [Function],\n-         oneOf: [Function],\n-         changes: [Function],\n-         changesBy: [Function],\n-         doesNotChange: [Function],\n-         changesButNotBy: [Function],\n-         increases: [Function],\n-         increasesBy: [Function],\n-         doesNotIncrease: [Function],\n-         increasesButNotBy: [Function],\n-         decreases: [Function],\n-         decreasesBy: [Function],\n-         doesNotDecrease: [Function],\n-         doesNotDecreaseBy: [Function],\n-         decreasesButNotBy: [Function],\n-         ifError: [Function],\n-         isExtensible: [Function],\n-         isNotExtensible: [Function],\n-         isSealed: [Function],\n-         isNotSealed: [Function],\n-         isFrozen: [Function],\n-         isNotFrozen: [Function],\n-         isEmpty: [Function],\n-         isNotEmpty: [Function],\n-         ok: [Function],\n-         notOk: [Function],\n-         throw: [Function],\n-         Throw: [Function],\n-         extensible: [Function],\n-         notExtensible: [Function],\n-         sealed: [Function],\n-         notSealed: [Function],\n-         frozen: [Function],\n-         notFrozen: [Function],\n-         empty: [Function],\n-         notEmpty: [Function] },\n-      cy: \n-       { _events: [Object],\n-         _newListener: false,\n-         _removeListener: false,\n-         verboseMemoryLeak: false,\n-         id: 'cy1',\n-         specWindow: [Circular],\n-         state: [Object],\n-         config: [Object],\n-         Cypress: [Object],\n-         Cookies: [Object],\n-         devices: [Object],\n-         queue: [Object],\n-         timeout: [Function: timeout],\n-         clearTimeout: [Function: clearTimeout],\n-         isStable: [Function: isStable],\n-         whenStable: [Function: whenStable],\n-         assert: [Function: assert],\n-         verifyUpcomingAssertions: [Function: verifyUpcomingAssertions],\n-         retry: [Function: retry],\n-         retryIfCommandAUTOriginMismatch: [Function: retryIfCommandAUTOriginMismatch],\n-         '$$': [Function: $$],\n-         getRemotejQueryInstance: [Function: getRemotejQueryInstance],\n-         getRemoteLocation: [Function: getRemoteLocation],\n-         getCrossOriginRemoteLocation: [Function: getCrossOriginRemoteLocation],\n-         fireBlur: [Function: fireBlur],\n-         fireFocus: [Function: fireFocus],\n-         needsFocus: [Function: needsFocus],\n-         getFocused: [Function: getFocused],\n-         pauseTimers: [Function: pauseTimers],\n-         expect: [Function],\n-         getIndexedXhrByAlias: [Function: getIndexedXhrByAlias],\n-         addAlias: [Function: addAlias],\n-         getAlias: [Function: getAlias],\n-         getNextAlias: [Function: getNextAlias],\n-         validateAlias: [Function: validateAlias],\n-         aliasNotFoundFor: [Function: aliasNotFoundFor],\n-         getXhrTypeByAlias: [Function: getXhrTypeByAlias],\n-         createSnapshot: [Function: createSnapshot],\n-         detachDom: [Function: detachDom],\n-         getStyles: [Function: getStyles],\n-         resetTimer: [Function: reset],\n-         overrides: [Object],\n-         onBeforeWindowLoad: [Function: onBeforeWindowLoad],\n-         documentHasFocus: [Function: documentHasFocus],\n-         interceptFocus: [Function: interceptFocus],\n-         interceptBlur: [Function: interceptBlur],\n-         testConfigOverride: [Object],\n-         commandFns: [Object],\n-         queryFns: [Object],\n-         isCy: [Function: bound isCy],\n-         fail: [Function: bound fail],\n-         isStopped: [Function: bound isStopped],\n-         stop: [Function: bound stop],\n-         reset: [Function: bound reset],\n-         addCommandSync: [Function: bound addCommandSync],\n-         addCommand: [Function: bound addCommand],\n-         addQuery: [Function: bound addQuery],\n-         now: [Function: bound now],\n-         onBeforeAppWindowLoad: [Function: bound onBeforeAppWindowLoad],\n-         onUncaughtException: [Function: bound onUncaughtException],\n-         setRunnable: [Function: bound setRunnable],\n-         getSubjectFromChain: [Function: bound getSubjectFromChain],\n-         setSubjectForChainer: [Function: bound setSubjectForChainer],\n-         subject: [Function: bound subject],\n-         subjectChain: [Function: bound subjectChain],\n-         _maxListeners: Infinity,\n-         _conf: [Object],\n-         proxyTo: [Function],\n-         emitMap: [Function],\n-         emitThen: [Function],\n-         emitThenSeries: [Function],\n-         listenTo: [Function],\n-         stopListeningTo: [Function],\n-         delimiter: '.',\n-         setMaxListeners: [Function],\n-         getMaxListeners: [Function],\n-         event: 'command:enqueued',\n-         once: [Function],\n-         prependOnceListener: [Function],\n-         _once: [Function],\n-         many: [Function],\n-         prependMany: [Function],\n-         _many: [Function],\n-         emit: [Function],\n-         emitAsync: [Function],\n-         on: [Function],\n-         prependListener: [Function],\n-         onAny: [Function],\n-         prependAny: [Function],\n-         addListener: [Function],\n-         _onAny: [Function],\n-         _on: [Function],\n-         off: [Function],\n-         offAny: [Function],\n-         removeListener: [Function],\n-         removeAllListeners: [Function],\n-         listeners: [Function],\n-         eventNames: [Function],\n-         listenerCount: [Function],\n-         hasListeners: [Function],\n-         listenersAny: [Function],\n-         waitFor: [Function],\n-         check: [Function],\n-         uncheck: [Function],\n-         click: [Function],\n-         dblclick: [Function],\n-         rightclick: [Function],\n-         focus: [Function],\n-         blur: [Function],\n-         hover: [Function],\n-         scrollIntoView: [Function],\n-         scrollTo: [Function],\n-         select: [Function],\n-         selectFile: [Function],\n-         submit: [Function],\n-         type: [Function],\n-         clear: [Function],\n-         trigger: [Function],\n-         mount: [Function],\n-         spy: [Function],\n-         stub: [Function],\n-         as: [Function],\n-         should: [Function],\n-         and: [Function],\n-         clock: [Function],\n-         tick: [Function],\n-         command: [Function],\n-         its: [Function],\n-         invoke: [Function],\n-         spread: [Function],\n-         each: [Function],\n-         then: [Function],\n-         getCookie: [Function],\n-         getCookies: [Function],\n-         getAllCookies: [Function],\n-         setCookie: [Function],\n-         clearCookie: [Function],\n-         clearCookies: [Function],\n-         clearAllCookies: [Function],\n-         pause: [Function],\n-         debug: [Function],\n-         exec: [Function],\n-         readFile: [Function],\n-         writeFile: [Function],\n-         fixture: [Function],\n-         getAllLocalStorage: [Function],\n-         getAllSessionStorage: [Function],\n-         clearAllLocalStorage: [Function],\n-         clearAllSessionStorage: [Function],\n-         clearLocalStorage: [Function],\n-         url: [Function],\n-         hash: [Function],\n-         location: [Function],\n-         end: [Function],\n-         noop: [Function],\n-         log: [Function],\n-         wrap: [Function],\n-         origin: [Function],\n-         reload: [Function],\n-         go: [Function],\n-         visit: [Function],\n-         focused: [Function],\n-         get: [Function],\n-         contains: [Function],\n-         shadow: [Function],\n-         root: [Function],\n-         within: [Function],\n-         request: [Function],\n-         session: [Function],\n-         screenshot: [Function],\n-         task: [Function],\n-         find: [Function],\n-         filter: [Function],\n-         not: [Function],\n-         children: [Function],\n-         eq: [Function],\n-         closest: [Function],\n-         first: [Function],\n-         last: [Function],\n-         next: [Function],\n-         nextAll: [Function],\n-         nextUntil: [Function],\n-         parent: [Function],\n-         parents: [Function],\n-         parentsUntil: [Function],\n-         prev: [Function],\n-         prevAll: [Function],\n-         prevUntil: [Function],\n-         siblings: [Function],\n-         wait: [Function],\n-         title: [Function],\n-         window: [Function],\n-         document: [Function],\n-         viewport: [Function],\n-         server: [Function],\n-         route: [Function],\n-         intercept: [Function],\n-         login: [Function],\n-         addTestContext: [Function] },\n-      Mocha: \n-       { [Function: Mocha]\n-         utils: [Object],\n-         interfaces: [Object],\n-         reporters: [Object],\n-         Runnable: [Object],\n-         Context: [Function: Context],\n-         Runner: [Object],\n-         Suite: [Object],\n-         Hook: [Object],\n-         Test: [Object],\n-         unloadFile: [Function],\n-         process: [Object],\n-         afterEach: [Function: afterEach],\n-         after: [Function: after],\n-         beforeEach: [Function: beforeEach],\n-         before: [Function: before],\n-         describe: [Object],\n-         it: [Object],\n-         xit: [Function],\n-         setup: [Function: beforeEach],\n-         suiteSetup: [Function: before],\n-         suiteTeardown: [Function: after],\n-         suite: [Object],\n-         teardown: [Function: afterEach],\n-         test: [Object],\n-         run: undefined },\n-      mocha: \n-       { files: [],\n-         options: [Object],\n-         suite: [Object],\n-         _reporter: [Function: reporter],\n-         Mocha: [Object],\n-         ui: [Function],\n-         _ui: undefined,\n-         bail: [Function],\n-         addFile: [Function],\n-         reporter: [Function],\n-         loadFiles: [Function],\n-         unloadFiles: [Function],\n-         fgrep: [Function],\n-         grep: [Function],\n-         invert: [Function],\n-         ignoreLeaks: [Function],\n-         checkLeaks: [Function],\n-         fullTrace: [Function],\n-         growl: [Function],\n-         isGrowlCapable: [Function],\n-         _growl: [Function],\n-         global: [Function],\n-         globals: [Function],\n-         useColors: [Function],\n-         color: [Function],\n-         useInlineDiffs: [Function],\n-         inlineDiffs: [Function],\n-         hideDiff: [Function],\n-         diff: [Function],\n-         timeout: [Function],\n-         retries: [Function],\n-         slow: [Function],\n-         enableTimeouts: [Function],\n-         asyncOnly: [Function],\n-         noHighlighting: [Function],\n-         allowUncaught: [Function],\n-         delay: [Function: delay],\n-         forbidOnly: [Function],\n-         forbidPending: [Function],\n-         version: '7.0.1',\n-         run: [Function] },\n-      before: [Function: before],\n-      after: [Function: after],\n-      beforeEach: [Function: beforeEach],\n-      afterEach: [Function: afterEach],\n-      run: undefined,\n-      context: { [Function] only: [Function], skip: [Function] },\n-      describe: { [Function] only: [Function], skip: [Function] },\n-      xcontext: [Function],\n-      xdescribe: [Function],\n-      specify: { [Function] only: [Function], skip: [Function] },\n-      it: { [Function] only: [Function], skip: [Function] },\n-      xspecify: [Function],\n-      xit: [Function],\n-      __cypress_cucumber_preprocessor_dont_use_this: true,\n-      __cypress_cucumber_preprocessor_registry_dont_use_this: \n-       { experimentalSourceMap: false,\n-         preliminaryStepDefinitions: [Object],\n-         stepDefinitions: [Object],\n-         beforeHooks: [],\n-         afterHooks: [],\n-         defineStep: [Function: bound defineStep],\n-         runStepDefininition: [Function: bound runStepDefininition],\n-         defineParameterType: [Function: bound defineParameterType],\n-         defineBefore: [Function: bound defineBefore],\n-         defineAfter: [Function: bound defineAfter],\n-         parameterTypeRegistry: [Object] },\n-      testState: \n-       { gherkinDocument: [Object],\n-         pickles: [Object],\n-         pickle: [Object],\n-         pickleStep: [Object] },\n-      TEMPORARY: 0,\n-      PERSISTENT: 1,\n-      addEventListener: [Function: addEventListener],\n-      dispatchEvent: [Function: dispatchEvent],\n-      removeEventListener: [Function: removeEventListener] },\n-   chainerId: 'ch-https://parabank.parasoft.com-20',\n-   check: [Function],\n-   uncheck: [Function],\n-   click: [Function],\n-   dblclick: [Function],\n-   rightclick: [Function],\n-   focus: [Function],\n-   blur: [Function],\n-   hover: [Function],\n-   scrollIntoView: [Function],\n-   scrollTo: [Function],\n-   select: [Function],\n-   selectFile: [Function],\n-   submit: [Function],\n-   type: [Function],\n-   clear: [Function],\n-   trigger: [Function],\n-   mount: [Function],\n-   as: [Function],\n-   should: [Function],\n-   and: [Function],\n-   clock: [Function],\n-   tick: [Function],\n-   command: [Function],\n-   its: [Function],\n-   invoke: [Function],\n-   spread: [Function],\n-   each: [Function],\n-   then: [Function],\n-   getCookie: [Function],\n-   getCookies: [Function],\n-   getAllCookies: [Function],\n-   setCookie: [Function],\n-   clearCookie: [Function],\n-   clearCookies: [Function],\n-   clearAllCookies: [Function],\n-   pause: [Function],\n-   debug: [Function],\n-   exec: [Function],\n-   readFile: [Function],\n-   writeFile: [Function],\n-   fixture: [Function],\n-   getAllLocalStorage: [Function],\n-   getAllSessionStorage: [Function],\n-   clearAllLocalStorage: [Function],\n-   clearAllSessionStorage: [Function],\n-   clearLocalStorage: [Function],\n-   url: [Function],\n-   hash: [Function],\n-   location: [Function],\n-   end: [Function],\n-   noop: [Function],\n-   log: [Function],\n-   wrap: [Function],\n-   origin: [Function],\n-   reload: [Function],\n-   go: [Function],\n-   visit: [Function],\n-   focused: [Function],\n-   get: [Function],\n-   contains: [Function],\n-   shadow: [Function],\n-   root: [Function],\n-   within: [Function],\n-   request: [Function],\n-   session: [Function],\n-   screenshot: [Function],\n-   task: [Function],\n-   find: [Function],\n-   filter: [Function],\n-   not: [Function],\n-   children: [Function],\n-   eq: [Function],\n-   closest: [Function],\n-   first: [Function],\n-   last: [Function],\n-   next: [Function],\n-   nextAll: [Function],\n-   nextUntil: [Function],\n-   parent: [Function],\n-   parents: [Function],\n-   parentsUntil: [Function],\n-   prev: [Function],\n-   prevAll: [Function],\n-   prevUntil: [Function],\n-   siblings: [Function],\n-   wait: [Function],\n-   title: [Function],\n-   window: [Function],\n-   document: [Function],\n-   viewport: [Function],\n-   server: [Function],\n-   route: [Function],\n-   intercept: [Function],\n-   login: [Function],\n-   addTestContext: [Function] }\n+ 'An internal error has occurred and has been logged.'\n"
              },
              "uuid": "eb8eb553-4eed-42af-a571-26d7de4568fc",
              "parentUUID": "51b31872-7900-4385-9844-7c9bb01f5b03",
              "isHook": false,
              "skipped": false
            }
          ],
          "suites": [],
          "passes": [],
          "failures": [
            "eb8eb553-4eed-42af-a571-26d7de4568fc"
          ],
          "pending": [],
          "skipped": [],
          "duration": 6355,
          "root": false,
          "rootEmpty": false,
          "_timeout": 2000
        }
      ],
      "passes": [],
      "failures": [],
      "pending": [],
      "skipped": [],
      "duration": 0,
      "root": true,
      "rootEmpty": true,
      "_timeout": 2000
    }
  ],
  "meta": {
    "mocha": {
      "version": "7.0.1"
    },
    "mochawesome": {
      "options": {
        "quiet": false,
        "reportFilename": "mochawesome",
        "saveHtml": false,
        "saveJson": true,
        "consoleReporter": "spec",
        "useInlineDiffs": false,
        "code": true
      },
      "version": "7.1.3"
    },
    "marge": {
      "options": {
        "overwrite": false,
        "html": false,
        "json": true,
        "reportDir": "cypress\\reports\\html\\.jsons"
      },
      "version": "6.2.0"
    }
  }
}